
> da-ily@0.1.0 build-storybook
> storybook build --output-dir /tmp/chromatic--13083-RmQk1iHIl1Jx

@storybook/cli v7.6.4

info => Cleaning outputDir: /tmp/chromatic--13083-RmQk1iHIl1Jx
info => Loading presets
info => Building manager..
info => Manager built (153 ms)
info => Building preview..
info => Copying static files: /home/puranium/Da-ily/frontend/node_modules/@storybook/manager/static at /tmp/chromatic--13083-RmQk1iHIl1Jx/sb-common-assets
vite v4.5.1 building for production...

./sb-common-assets/fonts.css doesn't exist at build time, it will remain unchanged to be resolved at runtime
transforming...
node_modules/telejson/dist/index.mjs (1413:15) Use of eval in "node_modules/telejson/dist/index.mjs" is strongly discouraged as it poses security risks and may cause issues with minification.
node_modules/telejson/dist/index.mjs (1416:18) Use of eval in "node_modules/telejson/dist/index.mjs" is strongly discouraged as it poses security risks and may cause issues with minification.
✓ 605 modules transformed.
rendering chunks...
computing gzip size...
../../../../tmp/chromatic--13083-RmQk1iHIl1Jx/assets/youtube-5361ca32.svg                         0.73 kB │ gzip:   0.35 kB
../../../../tmp/chromatic--13083-RmQk1iHIl1Jx/assets/tutorials-f0fc7b4f.svg                       1.28 kB │ gzip:   0.63 kB
../../../../tmp/chromatic--13083-RmQk1iHIl1Jx/assets/discord-02fd6b8c.svg                         2.43 kB │ gzip:   1.12 kB
../../../../tmp/chromatic--13083-RmQk1iHIl1Jx/assets/github-2aae4a19.svg                          2.73 kB │ gzip:   1.23 kB
../../../../tmp/chromatic--13083-RmQk1iHIl1Jx/assets/context-c612d889.png                         6.12 kB
../../../../tmp/chromatic--13083-RmQk1iHIl1Jx/assets/styling-c83082e0.png                         7.24 kB
../../../../tmp/chromatic--13083-RmQk1iHIl1Jx/iframe.html                                        12.76 kB │ gzip:   3.60 kB
../../../../tmp/chromatic--13083-RmQk1iHIl1Jx/assets/docs-5b0c7100.png                           27.88 kB
../../../../tmp/chromatic--13083-RmQk1iHIl1Jx/assets/share-b59d6c77.png                          40.77 kB
../../../../tmp/chromatic--13083-RmQk1iHIl1Jx/assets/accessibility-cd6d60f7.png                  42.34 kB
../../../../tmp/chromatic--13083-RmQk1iHIl1Jx/assets/figma-plugin-b0a5ad2d.png                   44.25 kB
../../../../tmp/chromatic--13083-RmQk1iHIl1Jx/assets/theming-b6e819c3.png                        44.37 kB
../../../../tmp/chromatic--13083-RmQk1iHIl1Jx/assets/testing-6a59f681.png                        49.31 kB
../../../../tmp/chromatic--13083-RmQk1iHIl1Jx/assets/addon-library-bc7ba705.png                 467.37 kB
../../../../tmp/chromatic--13083-RmQk1iHIl1Jx/assets/Header-a6911580.css                          0.51 kB │ gzip:   0.30 kB
../../../../tmp/chromatic--13083-RmQk1iHIl1Jx/assets/Button-bc1a867b.css                          0.52 kB │ gzip:   0.29 kB
../../../../tmp/chromatic--13083-RmQk1iHIl1Jx/assets/Page.stories-ece1482a.css                    0.93 kB │ gzip:   0.40 kB
../../../../tmp/chromatic--13083-RmQk1iHIl1Jx/assets/index-3685aeb7.js                            0.21 kB │ gzip:   0.17 kB
../../../../tmp/chromatic--13083-RmQk1iHIl1Jx/assets/_commonjsHelpers-725317a4.js                 0.24 kB │ gzip:   0.18 kB
../../../../tmp/chromatic--13083-RmQk1iHIl1Jx/assets/WithTooltip-V3YHNWJZ-d3c573e2.js             0.36 kB │ gzip:   0.21 kB
../../../../tmp/chromatic--13083-RmQk1iHIl1Jx/assets/syntaxhighlighter-V7JZZA35-c3f4e84e.js       0.38 kB │ gzip:   0.23 kB
../../../../tmp/chromatic--13083-RmQk1iHIl1Jx/assets/index-dc1d5b46.js                            0.49 kB │ gzip:   0.30 kB
../../../../tmp/chromatic--13083-RmQk1iHIl1Jx/assets/preview-c111ddba.js                          0.50 kB │ gzip:   0.30 kB
../../../../tmp/chromatic--13083-RmQk1iHIl1Jx/assets/react-18-170c9fcf.js                         0.55 kB │ gzip:   0.34 kB
../../../../tmp/chromatic--13083-RmQk1iHIl1Jx/assets/preview-73104b77.js                          0.64 kB │ gzip:   0.45 kB
../../../../tmp/chromatic--13083-RmQk1iHIl1Jx/assets/index-356e4a49.js                            0.77 kB │ gzip:   0.47 kB
../../../../tmp/chromatic--13083-RmQk1iHIl1Jx/assets/index-f9722e9b.js                            0.81 kB │ gzip:   0.52 kB
../../../../tmp/chromatic--13083-RmQk1iHIl1Jx/assets/preview-0ef86afd.js                          0.86 kB │ gzip:   0.55 kB
../../../../tmp/chromatic--13083-RmQk1iHIl1Jx/assets/Header.stories-998f2a3f.js                   0.87 kB │ gzip:   0.45 kB
../../../../tmp/chromatic--13083-RmQk1iHIl1Jx/assets/jsx-runtime-bc5d6cf6.js                      0.97 kB │ gzip:   0.61 kB
../../../../tmp/chromatic--13083-RmQk1iHIl1Jx/assets/entry-preview-a94de739.js                    1.15 kB │ gzip:   0.67 kB
../../../../tmp/chromatic--13083-RmQk1iHIl1Jx/assets/DocsRenderer-NNNQARDV-d8da1978.js            1.25 kB │ gzip:   0.66 kB
../../../../tmp/chromatic--13083-RmQk1iHIl1Jx/assets/Button-1c8c2184.js                           1.44 kB │ gzip:   0.66 kB
../../../../tmp/chromatic--13083-RmQk1iHIl1Jx/assets/Button.stories-4e6d3c57.js                   1.52 kB │ gzip:   0.58 kB
../../../../tmp/chromatic--13083-RmQk1iHIl1Jx/assets/Header-7dda2af7.js                           1.66 kB │ gzip:   0.81 kB
../../../../tmp/chromatic--13083-RmQk1iHIl1Jx/assets/preview-ac8416d7.js                          1.83 kB │ gzip:   1.02 kB
../../../../tmp/chromatic--13083-RmQk1iHIl1Jx/assets/AuthButton.stories-b936e853.js               2.52 kB │ gzip:   1.12 kB
../../../../tmp/chromatic--13083-RmQk1iHIl1Jx/assets/index-11d98b33.js                            2.59 kB │ gzip:   1.26 kB
../../../../tmp/chromatic--13083-RmQk1iHIl1Jx/assets/preview-30b54f76.js                          3.21 kB │ gzip:   1.37 kB
../../../../tmp/chromatic--13083-RmQk1iHIl1Jx/assets/preview-d01b88e8.js                          5.23 kB │ gzip:   2.41 kB
../../../../tmp/chromatic--13083-RmQk1iHIl1Jx/assets/iframe-31c7e9ef.js                           5.39 kB │ gzip:   1.77 kB
../../../../tmp/chromatic--13083-RmQk1iHIl1Jx/assets/index-c013ead5.js                            7.16 kB │ gzip:   2.91 kB
../../../../tmp/chromatic--13083-RmQk1iHIl1Jx/assets/preview-da31036b.js                          7.62 kB │ gzip:   1.55 kB
../../../../tmp/chromatic--13083-RmQk1iHIl1Jx/assets/preview-c56bf6ac.js                          8.28 kB │ gzip:   3.17 kB
../../../../tmp/chromatic--13083-RmQk1iHIl1Jx/assets/Configure-9d7cf274.js                       16.95 kB │ gzip:   7.70 kB
../../../../tmp/chromatic--13083-RmQk1iHIl1Jx/assets/styled-components.browser.esm-77f75ae5.js   26.95 kB │ gzip:  10.36 kB
../../../../tmp/chromatic--13083-RmQk1iHIl1Jx/assets/Color-6VNJS4EI-78269766.js                  30.98 kB │ gzip:  11.70 kB
../../../../tmp/chromatic--13083-RmQk1iHIl1Jx/assets/preview-8f310eab.js                         72.07 kB │ gzip:  24.41 kB
../../../../tmp/chromatic--13083-RmQk1iHIl1Jx/assets/index-f889f612.js                           78.40 kB │ gzip:  23.55 kB
../../../../tmp/chromatic--13083-RmQk1iHIl1Jx/assets/index-169ee69c.js                          134.07 kB │ gzip:  43.21 kB
../../../../tmp/chromatic--13083-RmQk1iHIl1Jx/assets/entry-preview-docs-ec3acb50.js             321.74 kB │ gzip:  99.63 kB
../../../../tmp/chromatic--13083-RmQk1iHIl1Jx/assets/index-422dc4b7.js                          536.40 kB │ gzip: 175.38 kB
../../../../tmp/chromatic--13083-RmQk1iHIl1Jx/assets/Page.stories-8f30c0ae.js                   563.09 kB │ gzip: 149.74 kB
../../../../tmp/chromatic--13083-RmQk1iHIl1Jx/assets/formatter-SWP5E3XI-f2ed1c37.js             601.56 kB │ gzip: 186.20 kB

(!) Some chunks are larger than 500 kBs after minification. Consider:
- Using dynamic import() to code-split the application
- Use build.rollupOptions.output.manualChunks to improve chunking: https://rollupjs.org/configuration-options/#output-manualchunks
- Adjust chunk size limit for this warning via build.chunkSizeWarningLimit.
✓ built in 9.60s
info => Preview built (10 s)
info => Output directory: /tmp/chromatic--13083-RmQk1iHIl1Jx
